<?xml version="1.0" encoding="UTF-8"?>
<!-- Generated by org.testng.reporters.JUnitReportReporter -->
<testsuite skipped="0" hostname="Emre" name="com.hotels.tests.HomePageTest" tests="2" failures="0" timestamp="26 Nov 2019 01:51:54 GMT" time="19.331" errors="0">
  <testcase name="getTitleTest" time="3.945" classname="com.hotels.tests.HomePageTest"/>
  <testcase name="selectDestinationTest" time="15.386" classname="com.hotels.tests.HomePageTest"/>
</testsuite> <!-- com.hotels.tests.HomePageTest -->
